<?xml version="1.0" encoding="UTF-8"?>
<!-- Generated by org.testng.reporters.JUnitXMLReporter -->
<testsuite ignored="4" hostname="Himanshu" failures="0" tests="1" name="OrangeHRMLogin" time="15.093" errors="0" timestamp="2024-07-01T15:58:46 IST">
  <testcase classname="com.selenium.Tests.OrangeHRM" name="LaunchApp" time="15.049"/>
  <testcase classname="com.selenium.Tests.OrangeHRM" name="VerifyLogin" time="0.0">
    <ignored/>
  </testcase> <!-- VerifyLogin -->
  <testcase classname="com.selenium.Tests.OrangeHRM" name="EnterLoginDetails" time="0.0">
    <ignored/>
  </testcase> <!-- EnterLoginDetails -->
  <testcase classname="com.selenium.Tests.OrangeHRM" name="VerifyMyInfo" time="0.0">
    <ignored/>
  </testcase> <!-- VerifyMyInfo -->
  <testcase classname="com.selenium.Tests.OrangeHRM" name="NavigateToMyInfo" time="0.0">
    <ignored/>
  </testcase> <!-- NavigateToMyInfo -->
</testsuite> <!-- OrangeHRMLogin -->
