<?xml version="1.0" encoding="UTF-8"?>
<testng-results ignored="0" total="1" passed="1" failed="0" skipped="0">
  <reporter-output>
  </reporter-output>
  <suite started-at="2024-07-01T15:58:31 IST" name="DemoSuite" finished-at="2024-07-01T15:58:46 IST" duration-ms="15093">
    <groups>
    </groups>
    <test started-at="2024-07-01T15:58:31 IST" name="OrangeHRMLogin" finished-at="2024-07-01T15:58:46 IST" duration-ms="15093">
      <class name="com.selenium.Tests.OrangeHRM">
        <test-method signature="LaunchApp()[pri:0, instance:com.selenium.Tests.OrangeHRM@942a29c]" started-at="2024-07-01T15:58:31 IST" name="LaunchApp" finished-at="2024-07-01T15:58:46 IST" duration-ms="15049" status="PASS">
          <reporter-output>
          </reporter-output>
        </test-method> <!-- LaunchApp -->
      </class> <!-- com.selenium.Tests.OrangeHRM -->
    </test> <!-- OrangeHRMLogin -->
  </suite> <!-- DemoSuite -->
</testng-results>
